Start testing: Jun 03 18:02 UTC
----------------------------------------------------------
1/1 Testing: check
1/1 Test: check
Command: "/home/ubuntu/workspace/tvoysosed/workspace/projects/lab06/_build/check" "-s" "-r" "compact" "--use-colour" "yes"
Directory: /home/ubuntu/workspace/tvoysosed/workspace/projects/lab06/_build
"check" start time: Jun 03 18:02 UTC
Output:
----------------------------------------------------------
[0;37m/home/ubuntu/workspace/tvoysosed/workspace/projects/lab06/tests/test1.cpp:15:[0m[1;32m passed[0m: result == text[0;37m for: [0m"hello" == "hello"
[1;32mPassed 1 test case with 1 assertion.[0m

<end of output>
Test time =   0.08 sec
----------------------------------------------------------
Test Passed.
"check" end time: Jun 03 18:02 UTC
"check" time elapsed: 00:00:00
----------------------------------------------------------

End testing: Jun 03 18:02 UTC
